<?xml version="1.0" encoding="UTF-8" ?>
<testsuite errors="0" failures="0" hostname="DELL-N4010" name="tictactoe.TicTacToeRunnerTests" tests="3" time="2.416" timestamp="2013-08-18T12:58:22">
  <properties />
  <testcase classname="tictactoe.TicTacToeRunnerTests" name="testPlayerStartAGameAndThenStop" time="1.361" />
  <testcase classname="tictactoe.TicTacToeRunnerTests" name="testPlayerStartAGameAndMovesThenStop" time="0.349" />
  <testcase classname="tictactoe.TicTacToeRunnerTests" name="testPlayerStartAGameAndPlayUntilHeWin" time="0.614" />
  <system-out><![CDATA[--Output from testPlayerStartAGameAndThenStop--
--Output from testPlayerStartAGameAndMovesThenStop--
--Output from testPlayerStartAGameAndPlayUntilHeWin--
found 3 moves
x win
]]></system-out>
  <system-err><![CDATA[--Output from testPlayerStartAGameAndThenStop--
--Output from testPlayerStartAGameAndMovesThenStop--
--Output from testPlayerStartAGameAndPlayUntilHeWin--
]]></system-err>
</testsuite>
