<?xml version="1.0" encoding="UTF-8" ?>
<testsuite errors="0" failures="1" hostname="DELL-N4010" name="tictactoe.TicTacToeRunnerTests" tests="5" time="3.789" timestamp="2013-08-18T16:53:43">
  <properties />
  <testcase classname="tictactoe.TicTacToeRunnerTests" name="testPlayerStartAGameAndThenStop" time="1.259" />
  <testcase classname="tictactoe.TicTacToeRunnerTests" name="testPlayerStartAGameAndMovesThenStop" time="0.393" />
  <testcase classname="tictactoe.TicTacToeRunnerTests" name="testPlayerStartAGameAndPlayUntilHeWin" time="0.527" />
  <testcase classname="tictactoe.TicTacToeRunnerTests" name="testSave" time="0.727" />
  <testcase classname="tictactoe.TicTacToeRunnerTests" name="testPlayerStartGameAndPlayUntilBoardIsFullAndNoOneWin" time="0.788">
    <failure message="java.lang.AssertionError: " type="junit.framework.AssertionFailedError">junit.framework.AssertionFailedError: java.lang.AssertionError: 
	at tictactoe.TicTacToeRunnerTests.gameDisplaysBoardFull(TicTacToeRunnerTests.groovy:94)
	at tictactoe.TicTacToeRunnerTests$gameDisplaysBoardFull.callCurrent(Unknown Source)
	at tictactoe.TicTacToeRunnerTests.testPlayerStartGameAndPlayUntilBoardIsFullAndNoOneWin(TicTacToeRunnerTests.groovy:146)
</failure>
  </testcase>
  <system-out><![CDATA[--Output from testPlayerStartAGameAndThenStop--
--Output from testPlayerStartAGameAndMovesThenStop--
--Output from testPlayerStartAGameAndPlayUntilHeWin--
found 3 moves
1 1
2 2
3 3
x win
--Output from testSave--
--Output from testPlayerStartGameAndPlayUntilBoardIsFullAndNoOneWin--
found 3 moves
1 1
2 2
3 3
x win
found 3 moves
1 1
3 1
2 2
3 3
found 3 moves
1 1
2 1
3 1
2 2
3 3
x win
found 3 moves
1 1
2 1
3 1
2 2
2 3
3 3
x win
found 3 moves
1 1
2 1
3 1
2 2
2 3
3 3
x win
found 3 moves
1 1
2 1
3 1
2 2
2 3
3 3
x win
found 3 moves
1 1
2 1
3 1
2 2
3 2
2 3
3 3
x win
found 3 moves
1 1
2 1
3 1
2 2
3 2
2 3
3 3
x win
]]></system-out>
  <system-err><![CDATA[--Output from testPlayerStartAGameAndThenStop--
--Output from testPlayerStartAGameAndMovesThenStop--
--Output from testPlayerStartAGameAndPlayUntilHeWin--
--Output from testSave--
--Output from testPlayerStartGameAndPlayUntilBoardIsFullAndNoOneWin--
]]></system-err>
</testsuite>
