<?xml version="1.0" encoding="UTF-8" ?>
<testsuite errors="0" failures="1" hostname="DELL-N4010" name="tictactoe.TicTacToeRunnerTests" tests="5" time="3.968" timestamp="2013-08-19T02:06:59">
  <properties />
  <testcase classname="tictactoe.TicTacToeRunnerTests" name="testPlayerStartAGameAndThenStop" time="1.296" />
  <testcase classname="tictactoe.TicTacToeRunnerTests" name="testPlayerStartAGameAndMovesThenStop" time="0.354" />
  <testcase classname="tictactoe.TicTacToeRunnerTests" name="testPlayerStartAGameAndPlayUntilHeWin" time="0.525" />
  <testcase classname="tictactoe.TicTacToeRunnerTests" name="testSave" time="0.813" />
  <testcase classname="tictactoe.TicTacToeRunnerTests" name="testPlayerStartGameAndPlayUntilBoardIsFullAndNoOneWin" time="0.89">
    <failure message="java.lang.AssertionError: " type="junit.framework.AssertionFailedError">junit.framework.AssertionFailedError: java.lang.AssertionError: 
	at tictactoe.TicTacToeRunnerTests.gameHasStopped(TicTacToeRunnerTests.groovy:48)
	at tictactoe.TicTacToeRunnerTests$gameHasStopped.callCurrent(Unknown Source)
	at tictactoe.TicTacToeRunnerTests.testPlayerStartGameAndPlayUntilBoardIsFullAndNoOneWin(TicTacToeRunnerTests.groovy:147)
</failure>
  </testcase>
  <system-out><![CDATA[--Output from testPlayerStartAGameAndThenStop--
FULL!!!
--Output from testPlayerStartAGameAndMovesThenStop--
x
o
--Output from testPlayerStartAGameAndPlayUntilHeWin--
x
o
x
o
x
x win
--Output from testSave--
--Output from testPlayerStartGameAndPlayUntilBoardIsFullAndNoOneWin--
x
o
x
o
x
o
x
o
x
3,3
]]></system-out>
  <system-err><![CDATA[--Output from testPlayerStartAGameAndThenStop--
--Output from testPlayerStartAGameAndMovesThenStop--
--Output from testPlayerStartAGameAndPlayUntilHeWin--
--Output from testSave--
--Output from testPlayerStartGameAndPlayUntilBoardIsFullAndNoOneWin--
]]></system-err>
</testsuite>
