<?xml version="1.0" encoding="UTF-8" ?>
<testsuite errors="0" failures="1" hostname="huynhlbq-PC" name="tictactoe.TicTacToeRunnerTests" tests="3" time="3.927" timestamp="2013-08-18T09:12:45">
  <properties />
  <testcase classname="tictactoe.TicTacToeRunnerTests" name="testPlayerStartAGameAndThenStop" time="1.488" />
  <testcase classname="tictactoe.TicTacToeRunnerTests" name="testPlayerStartAGameAndMovesThenStop" time="1.391" />
  <testcase classname="tictactoe.TicTacToeRunnerTests" name="testPlayerStartAGameAndPlayUntilHeWin" time="0.934">
    <failure message="java.lang.AssertionError: " type="junit.framework.AssertionFailedError">junit.framework.AssertionFailedError: java.lang.AssertionError: 
	at tictactoe.TicTacToeRunnerTests.gameHasStopped(TicTacToeRunnerTests.groovy:43)
	at tictactoe.TicTacToeRunnerTests$gameHasStopped.callCurrent(Unknown Source)
	at tictactoe.TicTacToeRunnerTests.testPlayerStartAGameAndPlayUntilHeWin(TicTacToeRunnerTests.groovy:103)
</failure>
  </testcase>
  <system-out><![CDATA[--Output from testPlayerStartAGameAndThenStop--
--Output from testPlayerStartAGameAndMovesThenStop--
--Output from testPlayerStartAGameAndPlayUntilHeWin--
]]></system-out>
  <system-err><![CDATA[--Output from testPlayerStartAGameAndThenStop--
--Output from testPlayerStartAGameAndMovesThenStop--
--Output from testPlayerStartAGameAndPlayUntilHeWin--
]]></system-err>
</testsuite>
